EXPLAIN SELECT * FROM t1, t2 WHERE t1.id = t2.id;
                                  QUERY PLAN                                  
------------------------------------------------------------------------------
 Merge Join  (cost=0.00..90.08 rows=1000 width=16)
   Merge Cond: (t1.id = t2.id)
   ->  Index Scan using t1_pkey on t1  (cost=0.00..318.26 rows=10000 width=8)
   ->  Index Scan using t2_pkey on t2  (cost=0.00..43.25 rows=1000 width=8)
(4 rows)

EXPLAIN SELECT * FROM t1, t2 WHERE t1.val = t2.val;
                                    QUERY PLAN                                     
-----------------------------------------------------------------------------------
 Merge Join  (cost=0.00..1377.64 rows=100000 width=16)
   Merge Cond: (t2.val = t1.val)
   ->  Index Scan using t2_val on t2  (cost=0.00..55.12 rows=1000 width=8)
   ->  Materialize  (cost=0.00..475.21 rows=10000 width=8)
         ->  Index Scan using t1_val on t1  (cost=0.00..450.21 rows=10000 width=8)
(5 rows)

LOAD 'pg_hint_plan';
EXPLAIN SELECT * FROM t1, t2 WHERE t1.id = t2.id;
                                  QUERY PLAN                                  
------------------------------------------------------------------------------
 Merge Join  (cost=0.00..90.08 rows=1000 width=16)
   Merge Cond: (t1.id = t2.id)
   ->  Index Scan using t1_pkey on t1  (cost=0.00..318.26 rows=10000 width=8)
   ->  Index Scan using t2_pkey on t2  (cost=0.00..43.25 rows=1000 width=8)
(4 rows)

EXPLAIN SELECT * FROM t1, t2 WHERE t1.val = t2.val;
                                    QUERY PLAN                                     
-----------------------------------------------------------------------------------
 Merge Join  (cost=0.00..1377.64 rows=100000 width=16)
   Merge Cond: (t2.val = t1.val)
   ->  Index Scan using t2_val on t2  (cost=0.00..55.12 rows=1000 width=8)
   ->  Materialize  (cost=0.00..475.21 rows=10000 width=8)
         ->  Index Scan using t1_val on t1  (cost=0.00..450.21 rows=10000 width=8)
(5 rows)

/* Test (t1 t2) */
EXPLAIN SELECT * FROM t1, t2 WHERE t1.id = t2.id;
INFO:  hint syntax error at or near "Test (t1 t2) "
DETAIL:  Keyword "Test" does not exist.
                                  QUERY PLAN                                  
------------------------------------------------------------------------------
 Merge Join  (cost=0.00..90.08 rows=1000 width=16)
   Merge Cond: (t1.id = t2.id)
   ->  Index Scan using t1_pkey on t1  (cost=0.00..318.26 rows=10000 width=8)
   ->  Index Scan using t2_pkey on t2  (cost=0.00..43.25 rows=1000 width=8)
(4 rows)

SET pg_hint_plan.enable TO off;
/* Test (t1 t2) */
EXPLAIN SELECT * FROM t1, t2 WHERE t1.id = t2.id;
                                  QUERY PLAN                                  
------------------------------------------------------------------------------
 Merge Join  (cost=0.00..90.08 rows=1000 width=16)
   Merge Cond: (t1.id = t2.id)
   ->  Index Scan using t1_pkey on t1  (cost=0.00..318.26 rows=10000 width=8)
   ->  Index Scan using t2_pkey on t2  (cost=0.00..43.25 rows=1000 width=8)
(4 rows)

SET pg_hint_plan.enable TO on;
\q
